<?xml version="1.0" encoding="UTF-8"?>
<!-- Generated by org.testng.reporters.JUnitReportReporter -->
<testsuite skipped="0" hostname="DESKTOP-JHU342G" name="com.com470.seleniumCalculadora.SeleniumCalculadoraAppApplicationNGTest" tests="2" failures="0" timestamp="04 sep 2020 02:35:03 GMT" time="31.444" errors="0">
  <testcase name="testCalculadoraSimple" time="15.480" classname="com.com470.seleniumCalculadora.SeleniumCalculadoraAppApplicationNGTest"/>
  <testcase name="testCalculadoraCompleja" time="15.964" classname="com.com470.seleniumCalculadora.SeleniumCalculadoraAppApplicationNGTest"/>
</testsuite> <!-- com.com470.seleniumCalculadora.SeleniumCalculadoraAppApplicationNGTest -->
